Performing C SOURCE FILE Test C_Wheader_guard_VALID failed with the following output:
Change Dir: /home/ymq/tshark/cmake-build-debug/CMakeFiles/CMakeTmp

Run Build Command(s):/usr/bin/gmake cmTC_aa8ec/fast && /usr/bin/gmake  -f CMakeFiles/cmTC_aa8ec.dir/build.make CMakeFiles/cmTC_aa8ec.dir/build
gmake[1]: Entering directory `/home/ymq/tshark/cmake-build-debug/CMakeFiles/CMakeTmp'
Building C object CMakeFiles/cmTC_aa8ec.dir/src.c.o
/usr/bin/cc -DC_Wheader_guard_VALID  -std=gnu99   -fPIE    -fexcess-precision=fast -Wall -Wextra -Wendif-labels -Wpointer-arith -Wformat-security -fwrapv -fno-strict-overflow -Wvla -Waddress -Wattributes -Wdiv-by-zero -Wignored-qualifiers -Wpragmas -Wno-overlength-strings -Wno-long-long -Wheader-guard -o CMakeFiles/cmTC_aa8ec.dir/src.c.o -c /home/ymq/tshark/cmake-build-debug/CMakeFiles/CMakeTmp/src.c
cc: error: unrecognized command line option '-Wheader-guard'
gmake[1]: *** [CMakeFiles/cmTC_aa8ec.dir/src.c.o] Error 1
gmake[1]: Leaving directory `/home/ymq/tshark/cmake-build-debug/CMakeFiles/CMakeTmp'
gmake: *** [cmTC_aa8ec/fast] Error 2


Source file was:
int main(void) { return 0; }
Performing C SOURCE FILE Test C_Wcomma_VALID failed with the following output:
Change Dir: /home/ymq/tshark/cmake-build-debug/CMakeFiles/CMakeTmp

Run Build Command(s):/usr/bin/gmake cmTC_951f7/fast && /usr/bin/gmake  -f CMakeFiles/cmTC_951f7.dir/build.make CMakeFiles/cmTC_951f7.dir/build
gmake[1]: Entering directory `/home/ymq/tshark/cmake-build-debug/CMakeFiles/CMakeTmp'
Building C object CMakeFiles/cmTC_951f7.dir/src.c.o
/usr/bin/cc -DC_Wcomma_VALID  -std=gnu99   -fPIE    -fexcess-precision=fast -Wall -Wextra -Wendif-labels -Wpointer-arith -Wformat-security -fwrapv -fno-strict-overflow -Wvla -Waddress -Wattributes -Wdiv-by-zero -Wignored-qualifiers -Wpragmas -Wno-overlength-strings -Wno-long-long -Wcomma -o CMakeFiles/cmTC_951f7.dir/src.c.o -c /home/ymq/tshark/cmake-build-debug/CMakeFiles/CMakeTmp/src.c
cc: error: unrecognized command line option '-Wcomma'
gmake[1]: *** [CMakeFiles/cmTC_951f7.dir/src.c.o] Error 1
gmake[1]: Leaving directory `/home/ymq/tshark/cmake-build-debug/CMakeFiles/CMakeTmp'
gmake: *** [cmTC_951f7/fast] Error 2


Source file was:
int main(void) { return 0; }
Performing C SOURCE FILE Test C_Wshorten_64_to_32_VALID failed with the following output:
Change Dir: /home/ymq/tshark/cmake-build-debug/CMakeFiles/CMakeTmp

Run Build Command(s):/usr/bin/gmake cmTC_fef47/fast && /usr/bin/gmake  -f CMakeFiles/cmTC_fef47.dir/build.make CMakeFiles/cmTC_fef47.dir/build
gmake[1]: Entering directory `/home/ymq/tshark/cmake-build-debug/CMakeFiles/CMakeTmp'
Building C object CMakeFiles/cmTC_fef47.dir/src.c.o
/usr/bin/cc -DC_Wshorten_64_to_32_VALID  -std=gnu99   -fPIE    -fexcess-precision=fast -Wall -Wextra -Wendif-labels -Wpointer-arith -Wformat-security -fwrapv -fno-strict-overflow -Wvla -Waddress -Wattributes -Wdiv-by-zero -Wignored-qualifiers -Wpragmas -Wno-overlength-strings -Wno-long-long -Wshorten-64-to-32 -o CMakeFiles/cmTC_fef47.dir/src.c.o -c /home/ymq/tshark/cmake-build-debug/CMakeFiles/CMakeTmp/src.c
cc: error: unrecognized command line option '-Wshorten-64-to-32'
gmake[1]: *** [CMakeFiles/cmTC_fef47.dir/src.c.o] Error 1
gmake[1]: Leaving directory `/home/ymq/tshark/cmake-build-debug/CMakeFiles/CMakeTmp'
gmake: *** [cmTC_fef47/fast] Error 2


Source file was:
int main(void) { return 0; }
Performing C SOURCE FILE Test C_Wunused_const_variable_VALID failed with the following output:
Change Dir: /home/ymq/tshark/cmake-build-debug/CMakeFiles/CMakeTmp

Run Build Command(s):/usr/bin/gmake cmTC_d9a1c/fast && /usr/bin/gmake  -f CMakeFiles/cmTC_d9a1c.dir/build.make CMakeFiles/cmTC_d9a1c.dir/build
gmake[1]: Entering directory `/home/ymq/tshark/cmake-build-debug/CMakeFiles/CMakeTmp'
Building C object CMakeFiles/cmTC_d9a1c.dir/src.c.o
/usr/bin/cc -DC_Wunused_const_variable_VALID  -std=gnu99   -fPIE    -fexcess-precision=fast -Wall -Wextra -Wendif-labels -Wpointer-arith -Wformat-security -fwrapv -fno-strict-overflow -Wvla -Waddress -Wattributes -Wdiv-by-zero -Wignored-qualifiers -Wpragmas -Wno-overlength-strings -Wno-long-long -Wframe-larger-than=32768 -Wc++-compat -Wunused-const-variable -o CMakeFiles/cmTC_d9a1c.dir/src.c.o -c /home/ymq/tshark/cmake-build-debug/CMakeFiles/CMakeTmp/src.c
cc: error: unrecognized command line option '-Wunused-const-variable'
gmake[1]: *** [CMakeFiles/cmTC_d9a1c.dir/src.c.o] Error 1
gmake[1]: Leaving directory `/home/ymq/tshark/cmake-build-debug/CMakeFiles/CMakeTmp'
gmake: *** [cmTC_d9a1c/fast] Error 2


Source file was:
int main(void) { return 0; }
Performing C++ SOURCE FILE Test CXX_Wheader_guard_VALID failed with the following output:
Change Dir: /home/ymq/tshark/cmake-build-debug/CMakeFiles/CMakeTmp

Run Build Command(s):/usr/bin/gmake cmTC_0ca76/fast && /usr/bin/gmake  -f CMakeFiles/cmTC_0ca76.dir/build.make CMakeFiles/cmTC_0ca76.dir/build
gmake[1]: Entering directory `/home/ymq/tshark/cmake-build-debug/CMakeFiles/CMakeTmp'
Building CXX object CMakeFiles/cmTC_0ca76.dir/src.cxx.o
/usr/bin/c++ -DCXX_Wheader_guard_VALID  -fPIE    -fexcess-precision=fast -Wall -Wextra -Wendif-labels -Wpointer-arith -Wformat-security -fwrapv -fno-strict-overflow -Wvla -Waddress -Wattributes -Wdiv-by-zero -Wignored-qualifiers -Wpragmas -Wno-overlength-strings -Wno-long-long -Wheader-guard -o CMakeFiles/cmTC_0ca76.dir/src.cxx.o -c /home/ymq/tshark/cmake-build-debug/CMakeFiles/CMakeTmp/src.cxx
c++: error: unrecognized command line option '-Wheader-guard'
gmake[1]: *** [CMakeFiles/cmTC_0ca76.dir/src.cxx.o] Error 1
gmake[1]: Leaving directory `/home/ymq/tshark/cmake-build-debug/CMakeFiles/CMakeTmp'
gmake: *** [cmTC_0ca76/fast] Error 2


Source file was:
int main() { return 0; }
Performing C++ SOURCE FILE Test CXX_Wcomma_VALID failed with the following output:
Change Dir: /home/ymq/tshark/cmake-build-debug/CMakeFiles/CMakeTmp

Run Build Command(s):/usr/bin/gmake cmTC_93e4e/fast && /usr/bin/gmake  -f CMakeFiles/cmTC_93e4e.dir/build.make CMakeFiles/cmTC_93e4e.dir/build
gmake[1]: Entering directory `/home/ymq/tshark/cmake-build-debug/CMakeFiles/CMakeTmp'
Building CXX object CMakeFiles/cmTC_93e4e.dir/src.cxx.o
/usr/bin/c++ -DCXX_Wcomma_VALID  -fPIE    -fexcess-precision=fast -Wall -Wextra -Wendif-labels -Wpointer-arith -Wformat-security -fwrapv -fno-strict-overflow -Wvla -Waddress -Wattributes -Wdiv-by-zero -Wignored-qualifiers -Wpragmas -Wno-overlength-strings -Wno-long-long -Wcomma -o CMakeFiles/cmTC_93e4e.dir/src.cxx.o -c /home/ymq/tshark/cmake-build-debug/CMakeFiles/CMakeTmp/src.cxx
c++: error: unrecognized command line option '-Wcomma'
gmake[1]: *** [CMakeFiles/cmTC_93e4e.dir/src.cxx.o] Error 1
gmake[1]: Leaving directory `/home/ymq/tshark/cmake-build-debug/CMakeFiles/CMakeTmp'
gmake: *** [cmTC_93e4e/fast] Error 2


Source file was:
int main() { return 0; }
Performing C++ SOURCE FILE Test CXX_Wshorten_64_to_32_VALID failed with the following output:
Change Dir: /home/ymq/tshark/cmake-build-debug/CMakeFiles/CMakeTmp

Run Build Command(s):/usr/bin/gmake cmTC_8a125/fast && /usr/bin/gmake  -f CMakeFiles/cmTC_8a125.dir/build.make CMakeFiles/cmTC_8a125.dir/build
gmake[1]: Entering directory `/home/ymq/tshark/cmake-build-debug/CMakeFiles/CMakeTmp'
Building CXX object CMakeFiles/cmTC_8a125.dir/src.cxx.o
/usr/bin/c++ -DCXX_Wshorten_64_to_32_VALID  -fPIE    -fexcess-precision=fast -Wall -Wextra -Wendif-labels -Wpointer-arith -Wformat-security -fwrapv -fno-strict-overflow -Wvla -Waddress -Wattributes -Wdiv-by-zero -Wignored-qualifiers -Wpragmas -Wno-overlength-strings -Wno-long-long -Wshorten-64-to-32 -o CMakeFiles/cmTC_8a125.dir/src.cxx.o -c /home/ymq/tshark/cmake-build-debug/CMakeFiles/CMakeTmp/src.cxx
c++: error: unrecognized command line option '-Wshorten-64-to-32'
gmake[1]: *** [CMakeFiles/cmTC_8a125.dir/src.cxx.o] Error 1
gmake[1]: Leaving directory `/home/ymq/tshark/cmake-build-debug/CMakeFiles/CMakeTmp'
gmake: *** [cmTC_8a125/fast] Error 2


Source file was:
int main() { return 0; }
Performing C++ SOURCE FILE Test CXX_Wextra_semi_VALID failed with the following output:
Change Dir: /home/ymq/tshark/cmake-build-debug/CMakeFiles/CMakeTmp

Run Build Command(s):/usr/bin/gmake cmTC_272d0/fast && /usr/bin/gmake  -f CMakeFiles/cmTC_272d0.dir/build.make CMakeFiles/cmTC_272d0.dir/build
gmake[1]: Entering directory `/home/ymq/tshark/cmake-build-debug/CMakeFiles/CMakeTmp'
Building CXX object CMakeFiles/cmTC_272d0.dir/src.cxx.o
/usr/bin/c++ -DCXX_Wextra_semi_VALID  -fPIE    -fexcess-precision=fast -Wall -Wextra -Wendif-labels -Wpointer-arith -Wformat-security -fwrapv -fno-strict-overflow -Wvla -Waddress -Wattributes -Wdiv-by-zero -Wignored-qualifiers -Wpragmas -Wno-overlength-strings -Wno-long-long -Wframe-larger-than=32768 -Wextra-semi -o CMakeFiles/cmTC_272d0.dir/src.cxx.o -c /home/ymq/tshark/cmake-build-debug/CMakeFiles/CMakeTmp/src.cxx
c++: error: unrecognized command line option '-Wextra-semi'
gmake[1]: *** [CMakeFiles/cmTC_272d0.dir/src.cxx.o] Error 1
gmake[1]: Leaving directory `/home/ymq/tshark/cmake-build-debug/CMakeFiles/CMakeTmp'
gmake: *** [cmTC_272d0/fast] Error 2


Source file was:
int main() { return 0; }
Performing C SOURCE FILE Test C_fmacro_prefix_map_old_new_VALID failed with the following output:
Change Dir: /home/ymq/tshark/cmake-build-debug/CMakeFiles/CMakeTmp

Run Build Command(s):/usr/bin/gmake cmTC_c4a79/fast && /usr/bin/gmake  -f CMakeFiles/cmTC_c4a79.dir/build.make CMakeFiles/cmTC_c4a79.dir/build
gmake[1]: Entering directory `/home/ymq/tshark/cmake-build-debug/CMakeFiles/CMakeTmp'
Building C object CMakeFiles/cmTC_c4a79.dir/src.c.o
/usr/bin/cc -DC_fmacro_prefix_map_old_new_VALID  -fexcess-precision=fast -Wall -Wextra -Wendif-labels -Wpointer-arith -Wformat-security -fwrapv -fno-strict-overflow -Wvla -Waddress -Wattributes -Wdiv-by-zero -Wignored-qualifiers -Wpragmas -Wno-overlength-strings -Wno-long-long -Wframe-larger-than=32768 -Wc++-compat -Wshadow -Wold-style-definition -Wstrict-prototypes -Wlogical-op -Wjump-misses-init -Werror=implicit -Wno-missing-braces -Wno-pointer-sign -std=gnu99   -fPIE   -fmacro-prefix-map=old=new -o CMakeFiles/cmTC_c4a79.dir/src.c.o -c /home/ymq/tshark/cmake-build-debug/CMakeFiles/CMakeTmp/src.c
cc: error: unrecognized command line option '-fmacro-prefix-map=old=new'
gmake[1]: *** [CMakeFiles/cmTC_c4a79.dir/src.c.o] Error 1
gmake[1]: Leaving directory `/home/ymq/tshark/cmake-build-debug/CMakeFiles/CMakeTmp'
gmake: *** [cmTC_c4a79/fast] Error 2


Source file was:
int main(void) { return 0; }
Performing C++ SOURCE FILE Test CXX_fmacro_prefix_map_old_new_VALID failed with the following output:
Change Dir: /home/ymq/tshark/cmake-build-debug/CMakeFiles/CMakeTmp

Run Build Command(s):/usr/bin/gmake cmTC_1433a/fast && /usr/bin/gmake  -f CMakeFiles/cmTC_1433a.dir/build.make CMakeFiles/cmTC_1433a.dir/build
gmake[1]: Entering directory `/home/ymq/tshark/cmake-build-debug/CMakeFiles/CMakeTmp'
Building CXX object CMakeFiles/cmTC_1433a.dir/src.cxx.o
/usr/bin/c++ -DCXX_fmacro_prefix_map_old_new_VALID  -fexcess-precision=fast -Wall -Wextra -Wendif-labels -Wpointer-arith -Wformat-security -fwrapv -fno-strict-overflow -Wvla -Waddress -Wattributes -Wdiv-by-zero -Wignored-qualifiers -Wpragmas -Wno-overlength-strings -Wno-long-long -Wframe-larger-than=32768   -fPIE   -fmacro-prefix-map=old=new -o CMakeFiles/cmTC_1433a.dir/src.cxx.o -c /home/ymq/tshark/cmake-build-debug/CMakeFiles/CMakeTmp/src.cxx
c++: error: unrecognized command line option '-fmacro-prefix-map=old=new'
gmake[1]: *** [CMakeFiles/cmTC_1433a.dir/src.cxx.o] Error 1
gmake[1]: Leaving directory `/home/ymq/tshark/cmake-build-debug/CMakeFiles/CMakeTmp'
gmake: *** [cmTC_1433a/fast] Error 2


Source file was:
int main() { return 0; }
Determining if the -no-pie option is supported for C language failed with the following output:
cc: error: unrecognized command line option '-no-pie'

Determining if the -no-pie option is supported for CXX language failed with the following output:
c++: error: unrecognized command line option '-no-pie'

Determining if the function pcap_open exists failed with the following output:
Change Dir: /home/ymq/tshark/cmake-build-debug/CMakeFiles/CMakeTmp

Run Build Command(s):/usr/bin/gmake cmTC_b193f/fast && /usr/bin/gmake  -f CMakeFiles/cmTC_b193f.dir/build.make CMakeFiles/cmTC_b193f.dir/build
gmake[1]: Entering directory `/home/ymq/tshark/cmake-build-debug/CMakeFiles/CMakeTmp'
Building C object CMakeFiles/cmTC_b193f.dir/CheckFunctionExists.c.o
/usr/bin/cc   -fvisibility=hidden  -fexcess-precision=fast -Wall -Wextra -Wendif-labels -Wpointer-arith -Wformat-security -fwrapv -fno-strict-overflow -Wvla -Waddress -Wattributes -Wdiv-by-zero -Wignored-qualifiers -Wpragmas -Wno-overlength-strings -Wno-long-long -Wframe-larger-than=32768 -Wc++-compat -Wshadow -Wold-style-definition -Wstrict-prototypes -Wlogical-op -Wjump-misses-init -Werror=implicit -Wno-missing-braces -Wno-pointer-sign -std=gnu99  -DCHECK_FUNCTION_EXISTS=pcap_open -fPIE -o CMakeFiles/cmTC_b193f.dir/CheckFunctionExists.c.o -c /home/ymq/clion/clion-2021.1.3/bin/cmake/linux/share/cmake-3.19/Modules/CheckFunctionExists.c
Linking C executable cmTC_b193f
/home/ymq/clion/clion-2021.1.3/bin/cmake/linux/bin/cmake -E cmake_link_script CMakeFiles/cmTC_b193f.dir/link.txt --verbose=1
/usr/bin/cc -fvisibility=hidden  -fexcess-precision=fast -Wall -Wextra -Wendif-labels -Wpointer-arith -Wformat-security -fwrapv -fno-strict-overflow -Wvla -Waddress -Wattributes -Wdiv-by-zero -Wignored-qualifiers -Wpragmas -Wno-overlength-strings -Wno-long-long -Wframe-larger-than=32768 -Wc++-compat -Wshadow -Wold-style-definition -Wstrict-prototypes -Wlogical-op -Wjump-misses-init -Werror=implicit -Wno-missing-braces -Wno-pointer-sign -std=gnu99  -DCHECK_FUNCTION_EXISTS=pcap_open CMakeFiles/cmTC_b193f.dir/CheckFunctionExists.c.o -o cmTC_b193f  /usr/lib64/libpcap.so 
CMakeFiles/cmTC_b193f.dir/CheckFunctionExists.c.o: In function `main':
CheckFunctionExists.c:(.text+0x10): undefined reference to `pcap_open'
collect2: error: ld returned 1 exit status
gmake[1]: *** [cmTC_b193f] Error 1
gmake[1]: Leaving directory `/home/ymq/tshark/cmake-build-debug/CMakeFiles/CMakeTmp'
gmake: *** [cmTC_b193f/fast] Error 2



Determining if the heimdal_version exist failed with the following output:
Change Dir: /home/ymq/tshark/cmake-build-debug/CMakeFiles/CMakeTmp

Run Build Command(s):/usr/bin/gmake cmTC_4ecfd/fast && /usr/bin/gmake  -f CMakeFiles/cmTC_4ecfd.dir/build.make CMakeFiles/cmTC_4ecfd.dir/build
gmake[1]: Entering directory `/home/ymq/tshark/cmake-build-debug/CMakeFiles/CMakeTmp'
Building C object CMakeFiles/cmTC_4ecfd.dir/CheckSymbolExists.c.o
/usr/bin/cc   -fvisibility=hidden  -fexcess-precision=fast -Wall -Wextra -Wendif-labels -Wpointer-arith -Wformat-security -fwrapv -fno-strict-overflow -Wvla -Waddress -Wattributes -Wdiv-by-zero -Wignored-qualifiers -Wpragmas -Wno-overlength-strings -Wno-long-long -Wframe-larger-than=32768 -Wc++-compat -Wshadow -Wold-style-definition -Wstrict-prototypes -Wlogical-op -Wjump-misses-init -Werror=implicit -Wno-missing-braces -Wno-pointer-sign -std=gnu99   -fPIE -o CMakeFiles/cmTC_4ecfd.dir/CheckSymbolExists.c.o -c /home/ymq/tshark/cmake-build-debug/CMakeFiles/CMakeTmp/CheckSymbolExists.c
/home/ymq/tshark/cmake-build-debug/CMakeFiles/CMakeTmp/CheckSymbolExists.c: In function ‘main’:
/home/ymq/tshark/cmake-build-debug/CMakeFiles/CMakeTmp/CheckSymbolExists.c:8:19: error: ‘heimdal_version’ undeclared (first use in this function)
   return ((int*)(&heimdal_version))[argc];
                   ^
/home/ymq/tshark/cmake-build-debug/CMakeFiles/CMakeTmp/CheckSymbolExists.c:8:19: note: each undeclared identifier is reported only once for each function it appears in
/home/ymq/tshark/cmake-build-debug/CMakeFiles/CMakeTmp/CheckSymbolExists.c:4:14: warning: parameter ‘argc’ set but not used [-Wunused-but-set-parameter]
 int main(int argc, char** argv)
              ^
gmake[1]: *** [CMakeFiles/cmTC_4ecfd.dir/CheckSymbolExists.c.o] Error 1
gmake[1]: Leaving directory `/home/ymq/tshark/cmake-build-debug/CMakeFiles/CMakeTmp'
gmake: *** [cmTC_4ecfd/fast] Error 2


File /home/ymq/tshark/cmake-build-debug/CMakeFiles/CMakeTmp/CheckSymbolExists.c:
/* */
#include <krb5.h>

int main(int argc, char** argv)
{
  (void)argv;
#ifndef heimdal_version
  return ((int*)(&heimdal_version))[argc];
#else
  (void)argc;
  return 0;
#endif
}
Determining if the include file sys/sockio.h exists failed with the following output:
Change Dir: /home/ymq/tshark/cmake-build-debug/CMakeFiles/CMakeTmp

Run Build Command(s):/usr/bin/gmake cmTC_99db9/fast && /usr/bin/gmake  -f CMakeFiles/cmTC_99db9.dir/build.make CMakeFiles/cmTC_99db9.dir/build
gmake[1]: Entering directory `/home/ymq/tshark/cmake-build-debug/CMakeFiles/CMakeTmp'
Building C object CMakeFiles/cmTC_99db9.dir/CheckIncludeFile.c.o
/usr/bin/cc   -fvisibility=hidden  -fexcess-precision=fast -Wall -Wextra -Wendif-labels -Wpointer-arith -Wformat-security -fwrapv -fno-strict-overflow -Wvla -Waddress -Wattributes -Wdiv-by-zero -Wignored-qualifiers -Wpragmas -Wno-overlength-strings -Wno-long-long -Wframe-larger-than=32768 -Wc++-compat -Wshadow -Wold-style-definition -Wstrict-prototypes -Wlogical-op -Wjump-misses-init -Werror=implicit -Wno-missing-braces -Wno-pointer-sign -std=gnu99   -fPIE -o CMakeFiles/cmTC_99db9.dir/CheckIncludeFile.c.o -c /home/ymq/tshark/cmake-build-debug/CMakeFiles/CMakeTmp/CheckIncludeFile.c
/home/ymq/tshark/cmake-build-debug/CMakeFiles/CMakeTmp/CheckIncludeFile.c:1:24: fatal error: sys/sockio.h: No such file or directory
 #include <sys/sockio.h>
                        ^
compilation terminated.
gmake[1]: *** [CMakeFiles/cmTC_99db9.dir/CheckIncludeFile.c.o] Error 1
gmake[1]: Leaving directory `/home/ymq/tshark/cmake-build-debug/CMakeFiles/CMakeTmp'
gmake: *** [cmTC_99db9/fast] Error 2



Determining if the optreset exist failed with the following output:
Change Dir: /home/ymq/tshark/cmake-build-debug/CMakeFiles/CMakeTmp

Run Build Command(s):/usr/bin/gmake cmTC_c958b/fast && /usr/bin/gmake  -f CMakeFiles/cmTC_c958b.dir/build.make CMakeFiles/cmTC_c958b.dir/build
gmake[1]: Entering directory `/home/ymq/tshark/cmake-build-debug/CMakeFiles/CMakeTmp'
Building C object CMakeFiles/cmTC_c958b.dir/CheckSymbolExists.c.o
/usr/bin/cc   -fvisibility=hidden  -fexcess-precision=fast -Wall -Wextra -Wendif-labels -Wpointer-arith -Wformat-security -fwrapv -fno-strict-overflow -Wvla -Waddress -Wattributes -Wdiv-by-zero -Wignored-qualifiers -Wpragmas -Wno-overlength-strings -Wno-long-long -Wframe-larger-than=32768 -Wc++-compat -Wshadow -Wold-style-definition -Wstrict-prototypes -Wlogical-op -Wjump-misses-init -Werror=implicit -Wno-missing-braces -Wno-pointer-sign -std=gnu99   -fPIE -o CMakeFiles/cmTC_c958b.dir/CheckSymbolExists.c.o -c /home/ymq/tshark/cmake-build-debug/CMakeFiles/CMakeTmp/CheckSymbolExists.c
/home/ymq/tshark/cmake-build-debug/CMakeFiles/CMakeTmp/CheckSymbolExists.c: In function ‘main’:
/home/ymq/tshark/cmake-build-debug/CMakeFiles/CMakeTmp/CheckSymbolExists.c:8:19: error: ‘optreset’ undeclared (first use in this function)
   return ((int*)(&optreset))[argc];
                   ^
/home/ymq/tshark/cmake-build-debug/CMakeFiles/CMakeTmp/CheckSymbolExists.c:8:19: note: each undeclared identifier is reported only once for each function it appears in
/home/ymq/tshark/cmake-build-debug/CMakeFiles/CMakeTmp/CheckSymbolExists.c:4:14: warning: parameter ‘argc’ set but not used [-Wunused-but-set-parameter]
 int main(int argc, char** argv)
              ^
gmake[1]: *** [CMakeFiles/cmTC_c958b.dir/CheckSymbolExists.c.o] Error 1
gmake[1]: Leaving directory `/home/ymq/tshark/cmake-build-debug/CMakeFiles/CMakeTmp'
gmake: *** [cmTC_c958b/fast] Error 2


File /home/ymq/tshark/cmake-build-debug/CMakeFiles/CMakeTmp/CheckSymbolExists.c:
/* */
#include <getopt.h>

int main(int argc, char** argv)
{
  (void)argv;
#ifndef optreset
  return ((int*)(&optreset))[argc];
#else
  (void)argc;
  return 0;
#endif
}
Determining if the function issetugid exists failed with the following output:
Change Dir: /home/ymq/tshark/cmake-build-debug/CMakeFiles/CMakeTmp

Run Build Command(s):/usr/bin/gmake cmTC_14e22/fast && /usr/bin/gmake  -f CMakeFiles/cmTC_14e22.dir/build.make CMakeFiles/cmTC_14e22.dir/build
gmake[1]: Entering directory `/home/ymq/tshark/cmake-build-debug/CMakeFiles/CMakeTmp'
Building C object CMakeFiles/cmTC_14e22.dir/CheckFunctionExists.c.o
/usr/bin/cc   -fvisibility=hidden  -fexcess-precision=fast -Wall -Wextra -Wendif-labels -Wpointer-arith -Wformat-security -fwrapv -fno-strict-overflow -Wvla -Waddress -Wattributes -Wdiv-by-zero -Wignored-qualifiers -Wpragmas -Wno-overlength-strings -Wno-long-long -Wframe-larger-than=32768 -Wc++-compat -Wshadow -Wold-style-definition -Wstrict-prototypes -Wlogical-op -Wjump-misses-init -Werror=implicit -Wno-missing-braces -Wno-pointer-sign -std=gnu99  -DCHECK_FUNCTION_EXISTS=issetugid -fPIE -o CMakeFiles/cmTC_14e22.dir/CheckFunctionExists.c.o -c /home/ymq/clion/clion-2021.1.3/bin/cmake/linux/share/cmake-3.19/Modules/CheckFunctionExists.c
Linking C executable cmTC_14e22
/home/ymq/clion/clion-2021.1.3/bin/cmake/linux/bin/cmake -E cmake_link_script CMakeFiles/cmTC_14e22.dir/link.txt --verbose=1
/usr/bin/cc -fvisibility=hidden  -fexcess-precision=fast -Wall -Wextra -Wendif-labels -Wpointer-arith -Wformat-security -fwrapv -fno-strict-overflow -Wvla -Waddress -Wattributes -Wdiv-by-zero -Wignored-qualifiers -Wpragmas -Wno-overlength-strings -Wno-long-long -Wframe-larger-than=32768 -Wc++-compat -Wshadow -Wold-style-definition -Wstrict-prototypes -Wlogical-op -Wjump-misses-init -Werror=implicit -Wno-missing-braces -Wno-pointer-sign -std=gnu99  -DCHECK_FUNCTION_EXISTS=issetugid CMakeFiles/cmTC_14e22.dir/CheckFunctionExists.c.o -o cmTC_14e22 
CMakeFiles/cmTC_14e22.dir/CheckFunctionExists.c.o: In function `main':
CheckFunctionExists.c:(.text+0x10): undefined reference to `issetugid'
collect2: error: ld returned 1 exit status
gmake[1]: *** [cmTC_14e22] Error 1
gmake[1]: Leaving directory `/home/ymq/tshark/cmake-build-debug/CMakeFiles/CMakeTmp'
gmake: *** [cmTC_14e22/fast] Error 2



Performing C SOURCE FILE Test HAVE_STRUCT_SOCKADDR_SA_LEN failed with the following output:
Change Dir: /home/ymq/tshark/cmake-build-debug/CMakeFiles/CMakeTmp

Run Build Command(s):/usr/bin/gmake cmTC_28ce5/fast && /usr/bin/gmake  -f CMakeFiles/cmTC_28ce5.dir/build.make CMakeFiles/cmTC_28ce5.dir/build
gmake[1]: Entering directory `/home/ymq/tshark/cmake-build-debug/CMakeFiles/CMakeTmp'
Building C object CMakeFiles/cmTC_28ce5.dir/src.c.o
/usr/bin/cc -DHAVE_STRUCT_SOCKADDR_SA_LEN  -fvisibility=hidden  -fexcess-precision=fast -Wall -Wextra -Wendif-labels -Wpointer-arith -Wformat-security -fwrapv -fno-strict-overflow -Wvla -Waddress -Wattributes -Wdiv-by-zero -Wignored-qualifiers -Wpragmas -Wno-overlength-strings -Wno-long-long -Wframe-larger-than=32768 -Wc++-compat -Wshadow -Wold-style-definition -Wstrict-prototypes -Wlogical-op -Wjump-misses-init -Werror=implicit -Wno-missing-braces -Wno-pointer-sign -std=gnu99   -fPIE -o CMakeFiles/cmTC_28ce5.dir/src.c.o -c /home/ymq/tshark/cmake-build-debug/CMakeFiles/CMakeTmp/src.c
/home/ymq/tshark/cmake-build-debug/CMakeFiles/CMakeTmp/src.c:4:5: warning: function declaration isn’t a prototype [-Wstrict-prototypes]
 int main()
     ^
/home/ymq/tshark/cmake-build-debug/CMakeFiles/CMakeTmp/src.c: In function ‘main’:
/home/ymq/tshark/cmake-build-debug/CMakeFiles/CMakeTmp/src.c:4:5: warning: old-style function definition [-Wold-style-definition]
/home/ymq/tshark/cmake-build-debug/CMakeFiles/CMakeTmp/src.c:6:38: error: ‘struct sockaddr’ has no member named ‘sa_len’
   (void)sizeof(((struct sockaddr *)0)->sa_len);
                                      ^
gmake[1]: *** [CMakeFiles/cmTC_28ce5.dir/src.c.o] Error 1
gmake[1]: Leaving directory `/home/ymq/tshark/cmake-build-debug/CMakeFiles/CMakeTmp'
gmake: *** [cmTC_28ce5/fast] Error 2


Source file was:

#include <sys/socket.h>

int main()
{
  (void)sizeof(((struct sockaddr *)0)->sa_len);
  return 0;
}

Performing C SOURCE FILE Test HAVE_STRUCT_STAT_ST_FLAGS failed with the following output:
Change Dir: /home/ymq/tshark/cmake-build-debug/CMakeFiles/CMakeTmp

Run Build Command(s):/usr/bin/gmake cmTC_eff79/fast && /usr/bin/gmake  -f CMakeFiles/cmTC_eff79.dir/build.make CMakeFiles/cmTC_eff79.dir/build
gmake[1]: Entering directory `/home/ymq/tshark/cmake-build-debug/CMakeFiles/CMakeTmp'
Building C object CMakeFiles/cmTC_eff79.dir/src.c.o
/usr/bin/cc -DHAVE_STRUCT_STAT_ST_FLAGS  -fvisibility=hidden  -fexcess-precision=fast -Wall -Wextra -Wendif-labels -Wpointer-arith -Wformat-security -fwrapv -fno-strict-overflow -Wvla -Waddress -Wattributes -Wdiv-by-zero -Wignored-qualifiers -Wpragmas -Wno-overlength-strings -Wno-long-long -Wframe-larger-than=32768 -Wc++-compat -Wshadow -Wold-style-definition -Wstrict-prototypes -Wlogical-op -Wjump-misses-init -Werror=implicit -Wno-missing-braces -Wno-pointer-sign -std=gnu99   -fPIE -o CMakeFiles/cmTC_eff79.dir/src.c.o -c /home/ymq/tshark/cmake-build-debug/CMakeFiles/CMakeTmp/src.c
/home/ymq/tshark/cmake-build-debug/CMakeFiles/CMakeTmp/src.c:4:5: warning: function declaration isn’t a prototype [-Wstrict-prototypes]
 int main()
     ^
/home/ymq/tshark/cmake-build-debug/CMakeFiles/CMakeTmp/src.c: In function ‘main’:
/home/ymq/tshark/cmake-build-debug/CMakeFiles/CMakeTmp/src.c:4:5: warning: old-style function definition [-Wold-style-definition]
/home/ymq/tshark/cmake-build-debug/CMakeFiles/CMakeTmp/src.c:6:34: error: ‘struct stat’ has no member named ‘st_flags’
   (void)sizeof(((struct stat *)0)->st_flags);
                                  ^
gmake[1]: *** [CMakeFiles/cmTC_eff79.dir/src.c.o] Error 1
gmake[1]: Leaving directory `/home/ymq/tshark/cmake-build-debug/CMakeFiles/CMakeTmp'
gmake: *** [cmTC_eff79/fast] Error 2


Source file was:

#include <sys/stat.h>

int main()
{
  (void)sizeof(((struct stat *)0)->st_flags);
  return 0;
}

Performing C SOURCE FILE Test HAVE_STRUCT_STAT_ST_BIRTHTIME failed with the following output:
Change Dir: /home/ymq/tshark/cmake-build-debug/CMakeFiles/CMakeTmp

Run Build Command(s):/usr/bin/gmake cmTC_86937/fast && /usr/bin/gmake  -f CMakeFiles/cmTC_86937.dir/build.make CMakeFiles/cmTC_86937.dir/build
gmake[1]: Entering directory `/home/ymq/tshark/cmake-build-debug/CMakeFiles/CMakeTmp'
Building C object CMakeFiles/cmTC_86937.dir/src.c.o
/usr/bin/cc -DHAVE_STRUCT_STAT_ST_BIRTHTIME  -fvisibility=hidden  -fexcess-precision=fast -Wall -Wextra -Wendif-labels -Wpointer-arith -Wformat-security -fwrapv -fno-strict-overflow -Wvla -Waddress -Wattributes -Wdiv-by-zero -Wignored-qualifiers -Wpragmas -Wno-overlength-strings -Wno-long-long -Wframe-larger-than=32768 -Wc++-compat -Wshadow -Wold-style-definition -Wstrict-prototypes -Wlogical-op -Wjump-misses-init -Werror=implicit -Wno-missing-braces -Wno-pointer-sign -std=gnu99   -fPIE -o CMakeFiles/cmTC_86937.dir/src.c.o -c /home/ymq/tshark/cmake-build-debug/CMakeFiles/CMakeTmp/src.c
/home/ymq/tshark/cmake-build-debug/CMakeFiles/CMakeTmp/src.c:4:5: warning: function declaration isn’t a prototype [-Wstrict-prototypes]
 int main()
     ^
/home/ymq/tshark/cmake-build-debug/CMakeFiles/CMakeTmp/src.c: In function ‘main’:
/home/ymq/tshark/cmake-build-debug/CMakeFiles/CMakeTmp/src.c:4:5: warning: old-style function definition [-Wold-style-definition]
/home/ymq/tshark/cmake-build-debug/CMakeFiles/CMakeTmp/src.c:6:34: error: ‘struct stat’ has no member named ‘st_birthtime’
   (void)sizeof(((struct stat *)0)->st_birthtime);
                                  ^
gmake[1]: *** [CMakeFiles/cmTC_86937.dir/src.c.o] Error 1
gmake[1]: Leaving directory `/home/ymq/tshark/cmake-build-debug/CMakeFiles/CMakeTmp'
gmake: *** [cmTC_86937/fast] Error 2


Source file was:

#include <sys/stat.h>

int main()
{
  (void)sizeof(((struct stat *)0)->st_birthtime);
  return 0;
}

Performing C SOURCE FILE Test HAVE_STRUCT_STAT___ST_BIRTHTIME failed with the following output:
Change Dir: /home/ymq/tshark/cmake-build-debug/CMakeFiles/CMakeTmp

Run Build Command(s):/usr/bin/gmake cmTC_b5f15/fast && /usr/bin/gmake  -f CMakeFiles/cmTC_b5f15.dir/build.make CMakeFiles/cmTC_b5f15.dir/build
gmake[1]: Entering directory `/home/ymq/tshark/cmake-build-debug/CMakeFiles/CMakeTmp'
Building C object CMakeFiles/cmTC_b5f15.dir/src.c.o
/usr/bin/cc -DHAVE_STRUCT_STAT___ST_BIRTHTIME  -fvisibility=hidden  -fexcess-precision=fast -Wall -Wextra -Wendif-labels -Wpointer-arith -Wformat-security -fwrapv -fno-strict-overflow -Wvla -Waddress -Wattributes -Wdiv-by-zero -Wignored-qualifiers -Wpragmas -Wno-overlength-strings -Wno-long-long -Wframe-larger-than=32768 -Wc++-compat -Wshadow -Wold-style-definition -Wstrict-prototypes -Wlogical-op -Wjump-misses-init -Werror=implicit -Wno-missing-braces -Wno-pointer-sign -std=gnu99   -fPIE -o CMakeFiles/cmTC_b5f15.dir/src.c.o -c /home/ymq/tshark/cmake-build-debug/CMakeFiles/CMakeTmp/src.c
/home/ymq/tshark/cmake-build-debug/CMakeFiles/CMakeTmp/src.c:4:5: warning: function declaration isn’t a prototype [-Wstrict-prototypes]
 int main()
     ^
/home/ymq/tshark/cmake-build-debug/CMakeFiles/CMakeTmp/src.c: In function ‘main’:
/home/ymq/tshark/cmake-build-debug/CMakeFiles/CMakeTmp/src.c:4:5: warning: old-style function definition [-Wold-style-definition]
/home/ymq/tshark/cmake-build-debug/CMakeFiles/CMakeTmp/src.c:6:34: error: ‘struct stat’ has no member named ‘__st_birthtime’
   (void)sizeof(((struct stat *)0)->__st_birthtime);
                                  ^
gmake[1]: *** [CMakeFiles/cmTC_b5f15.dir/src.c.o] Error 1
gmake[1]: Leaving directory `/home/ymq/tshark/cmake-build-debug/CMakeFiles/CMakeTmp'
gmake: *** [cmTC_b5f15/fast] Error 2


Source file was:

#include <sys/stat.h>

int main()
{
  (void)sizeof(((struct stat *)0)->__st_birthtime);
  return 0;
}

Performing C SOURCE FILE Test C_Wimplicit_fallthrough_VALID failed with the following output:
Change Dir: /home/ymq/tshark/cmake-build-debug/CMakeFiles/CMakeTmp

Run Build Command(s):/usr/bin/gmake cmTC_b54ff/fast && /usr/bin/gmake  -f CMakeFiles/cmTC_b54ff.dir/build.make CMakeFiles/cmTC_b54ff.dir/build
gmake[1]: Entering directory `/home/ymq/tshark/cmake-build-debug/CMakeFiles/CMakeTmp'
Building C object CMakeFiles/cmTC_b54ff.dir/src.c.o
/usr/bin/cc -DC_Wimplicit_fallthrough_VALID  -fvisibility=hidden  -fexcess-precision=fast -Wall -Wextra -Wendif-labels -Wpointer-arith -Wformat-security -fwrapv -fno-strict-overflow -Wvla -Waddress -Wattributes -Wdiv-by-zero -Wignored-qualifiers -Wpragmas -Wno-overlength-strings -Wno-long-long -Wframe-larger-than=32768 -Wc++-compat -Wshadow -Wold-style-definition -Wstrict-prototypes -Wlogical-op -Wjump-misses-init -Werror=implicit -Wno-missing-braces -Wno-pointer-sign -std=gnu99   -fPIE   -Wimplicit-fallthrough -o CMakeFiles/cmTC_b54ff.dir/src.c.o -c /home/ymq/tshark/cmake-build-debug/CMakeFiles/CMakeTmp/src.c
cc: error: unrecognized command line option '-Wimplicit-fallthrough'
gmake[1]: *** [CMakeFiles/cmTC_b54ff.dir/src.c.o] Error 1
gmake[1]: Leaving directory `/home/ymq/tshark/cmake-build-debug/CMakeFiles/CMakeTmp'
gmake: *** [cmTC_b54ff/fast] Error 2


Source file was:
int main(void) { return 0; }
